<?xml version="1.0" encoding="UTF-8"?>
<!-- Generated by org.testng.reporters.JUnitXMLReporter -->
<testsuite hostname="LAPTOP-SF32JU0L" failures="0" tests="3" name="Default test" time="217.016" errors="0" timestamp="3 Nov 2022 11:32:16 GMT">
  <testcase classname="com.edge.CheneyOnline.TestCheneyExecutor" name="Export_Mail_OG" time="80.847"/>
  <testcase classname="com.edge.CheneyOnline.TestCheneyExecutor" name="Export_Mail_OG" time="63.442"/>
  <testcase classname="com.edge.CheneyOnline.TestCheneyExecutor" name="Export_Mail_OG" time="61.191"/>
</testsuite> <!-- Default test -->
